<?xml version="1.0" encoding="UTF-8"?>
<testsuite xmlns:xsi="http://www.w3.org/2001/XMLSchema-instance" xsi:noNamespaceSchemaLocation="https://maven.apache.org/surefire/maven-surefire-plugin/xsd/surefire-test-report-3.0.xsd" version="3.0" name="com.patientmicroservice.patientservice.controller.PatientControllerTest" time="0.176" tests="3" errors="0" skipped="0" failures="0">
  <properties>
    <property name="java.specification.version" value="23"/>
    <property name="sun.jnu.encoding" value="UTF-8"/>
    <property name="java.class.path" value="/Users/hashmk/Documents/patient-service/target/test-classes:/Users/hashmk/Documents/patient-service/target/classes:/Users/hashmk/.m2/repository/org/springframework/boot/spring-boot-starter-data-mongodb/3.3.7/spring-boot-starter-data-mongodb-3.3.7.jar:/Users/hashmk/.m2/repository/org/springframework/boot/spring-boot-starter/3.3.7/spring-boot-starter-3.3.7.jar:/Users/hashmk/.m2/repository/org/springframework/boot/spring-boot-starter-logging/3.3.7/spring-boot-starter-logging-3.3.7.jar:/Users/hashmk/.m2/repository/ch/qos/logback/logback-classic/1.5.12/logback-classic-1.5.12.jar:/Users/hashmk/.m2/repository/ch/qos/logback/logback-core/1.5.12/logback-core-1.5.12.jar:/Users/hashmk/.m2/repository/org/apache/logging/log4j/log4j-to-slf4j/2.23.1/log4j-to-slf4j-2.23.1.jar:/Users/hashmk/.m2/repository/org/apache/logging/log4j/log4j-api/2.23.1/log4j-api-2.23.1.jar:/Users/hashmk/.m2/repository/org/slf4j/jul-to-slf4j/2.0.16/jul-to-slf4j-2.0.16.jar:/Users/hashmk/.m2/repository/jakarta/annotation/jakarta.annotation-api/2.1.1/jakarta.annotation-api-2.1.1.jar:/Users/hashmk/.m2/repository/org/yaml/snakeyaml/2.2/snakeyaml-2.2.jar:/Users/hashmk/.m2/repository/org/mongodb/mongodb-driver-sync/5.0.1/mongodb-driver-sync-5.0.1.jar:/Users/hashmk/.m2/repository/org/mongodb/bson/5.0.1/bson-5.0.1.jar:/Users/hashmk/.m2/repository/org/mongodb/mongodb-driver-core/5.0.1/mongodb-driver-core-5.0.1.jar:/Users/hashmk/.m2/repository/org/mongodb/bson-record-codec/5.0.1/bson-record-codec-5.0.1.jar:/Users/hashmk/.m2/repository/org/springframework/data/spring-data-mongodb/4.3.7/spring-data-mongodb-4.3.7.jar:/Users/hashmk/.m2/repository/org/springframework/spring-tx/6.1.16/spring-tx-6.1.16.jar:/Users/hashmk/.m2/repository/org/springframework/spring-context/6.1.16/spring-context-6.1.16.jar:/Users/hashmk/.m2/repository/org/springframework/spring-beans/6.1.16/spring-beans-6.1.16.jar:/Users/hashmk/.m2/repository/org/springframework/spring-expression/6.1.16/spring-expression-6.1.16.jar:/Users/hashmk/.m2/repository/org/springframework/data/spring-data-commons/3.3.7/spring-data-commons-3.3.7.jar:/Users/hashmk/.m2/repository/org/slf4j/slf4j-api/2.0.16/slf4j-api-2.0.16.jar:/Users/hashmk/.m2/repository/org/springframework/boot/spring-boot-starter-web/3.3.7/spring-boot-starter-web-3.3.7.jar:/Users/hashmk/.m2/repository/org/springframework/boot/spring-boot-starter-json/3.3.7/spring-boot-starter-json-3.3.7.jar:/Users/hashmk/.m2/repository/com/fasterxml/jackson/core/jackson-databind/2.17.3/jackson-databind-2.17.3.jar:/Users/hashmk/.m2/repository/com/fasterxml/jackson/core/jackson-annotations/2.17.3/jackson-annotations-2.17.3.jar:/Users/hashmk/.m2/repository/com/fasterxml/jackson/core/jackson-core/2.17.3/jackson-core-2.17.3.jar:/Users/hashmk/.m2/repository/com/fasterxml/jackson/datatype/jackson-datatype-jdk8/2.17.3/jackson-datatype-jdk8-2.17.3.jar:/Users/hashmk/.m2/repository/com/fasterxml/jackson/datatype/jackson-datatype-jsr310/2.17.3/jackson-datatype-jsr310-2.17.3.jar:/Users/hashmk/.m2/repository/com/fasterxml/jackson/module/jackson-module-parameter-names/2.17.3/jackson-module-parameter-names-2.17.3.jar:/Users/hashmk/.m2/repository/org/springframework/boot/spring-boot-starter-tomcat/3.3.7/spring-boot-starter-tomcat-3.3.7.jar:/Users/hashmk/.m2/repository/org/apache/tomcat/embed/tomcat-embed-core/10.1.34/tomcat-embed-core-10.1.34.jar:/Users/hashmk/.m2/repository/org/apache/tomcat/embed/tomcat-embed-el/10.1.34/tomcat-embed-el-10.1.34.jar:/Users/hashmk/.m2/repository/org/apache/tomcat/embed/tomcat-embed-websocket/10.1.34/tomcat-embed-websocket-10.1.34.jar:/Users/hashmk/.m2/repository/org/springframework/spring-web/6.1.16/spring-web-6.1.16.jar:/Users/hashmk/.m2/repository/io/micrometer/micrometer-observation/1.13.9/micrometer-observation-1.13.9.jar:/Users/hashmk/.m2/repository/io/micrometer/micrometer-commons/1.13.9/micrometer-commons-1.13.9.jar:/Users/hashmk/.m2/repository/org/springframework/spring-webmvc/6.1.16/spring-webmvc-6.1.16.jar:/Users/hashmk/.m2/repository/org/springframework/spring-aop/6.1.16/spring-aop-6.1.16.jar:/Users/hashmk/.m2/repository/org/springframework/boot/spring-boot-devtools/3.3.7/spring-boot-devtools-3.3.7.jar:/Users/hashmk/.m2/repository/org/springframework/boot/spring-boot/3.3.7/spring-boot-3.3.7.jar:/Users/hashmk/.m2/repository/org/springframework/boot/spring-boot-autoconfigure/3.3.7/spring-boot-autoconfigure-3.3.7.jar:/Users/hashmk/.m2/repository/org/springframework/boot/spring-boot-starter-thymeleaf/3.3.7/spring-boot-starter-thymeleaf-3.3.7.jar:/Users/hashmk/.m2/repository/org/thymeleaf/thymeleaf-spring6/3.1.3.RELEASE/thymeleaf-spring6-3.1.3.RELEASE.jar:/Users/hashmk/.m2/repository/org/thymeleaf/thymeleaf/3.1.3.RELEASE/thymeleaf-3.1.3.RELEASE.jar:/Users/hashmk/.m2/repository/org/attoparser/attoparser/2.0.7.RELEASE/attoparser-2.0.7.RELEASE.jar:/Users/hashmk/.m2/repository/org/unbescape/unbescape/1.1.6.RELEASE/unbescape-1.1.6.RELEASE.jar:/Users/hashmk/.m2/repository/org/projectlombok/lombok/1.18.36/lombok-1.18.36.jar:/Users/hashmk/.m2/repository/org/springframework/boot/spring-boot-starter-test/3.3.7/spring-boot-starter-test-3.3.7.jar:/Users/hashmk/.m2/repository/org/springframework/boot/spring-boot-test/3.3.7/spring-boot-test-3.3.7.jar:/Users/hashmk/.m2/repository/org/springframework/boot/spring-boot-test-autoconfigure/3.3.7/spring-boot-test-autoconfigure-3.3.7.jar:/Users/hashmk/.m2/repository/com/jayway/jsonpath/json-path/2.9.0/json-path-2.9.0.jar:/Users/hashmk/.m2/repository/jakarta/xml/bind/jakarta.xml.bind-api/4.0.2/jakarta.xml.bind-api-4.0.2.jar:/Users/hashmk/.m2/repository/jakarta/activation/jakarta.activation-api/2.1.3/jakarta.activation-api-2.1.3.jar:/Users/hashmk/.m2/repository/net/minidev/json-smart/2.5.1/json-smart-2.5.1.jar:/Users/hashmk/.m2/repository/net/minidev/accessors-smart/2.5.1/accessors-smart-2.5.1.jar:/Users/hashmk/.m2/repository/org/ow2/asm/asm/9.6/asm-9.6.jar:/Users/hashmk/.m2/repository/org/assertj/assertj-core/3.25.3/assertj-core-3.25.3.jar:/Users/hashmk/.m2/repository/org/awaitility/awaitility/4.2.2/awaitility-4.2.2.jar:/Users/hashmk/.m2/repository/org/hamcrest/hamcrest/2.2/hamcrest-2.2.jar:/Users/hashmk/.m2/repository/org/junit/jupiter/junit-jupiter/5.10.5/junit-jupiter-5.10.5.jar:/Users/hashmk/.m2/repository/org/junit/jupiter/junit-jupiter-params/5.10.5/junit-jupiter-params-5.10.5.jar:/Users/hashmk/.m2/repository/org/junit/jupiter/junit-jupiter-engine/5.10.5/junit-jupiter-engine-5.10.5.jar:/Users/hashmk/.m2/repository/org/junit/platform/junit-platform-engine/1.10.5/junit-platform-engine-1.10.5.jar:/Users/hashmk/.m2/repository/org/skyscreamer/jsonassert/1.5.3/jsonassert-1.5.3.jar:/Users/hashmk/.m2/repository/com/vaadin/external/google/android-json/0.0.20131108.vaadin1/android-json-0.0.20131108.vaadin1.jar:/Users/hashmk/.m2/repository/org/springframework/spring-core/6.1.16/spring-core-6.1.16.jar:/Users/hashmk/.m2/repository/org/springframework/spring-jcl/6.1.16/spring-jcl-6.1.16.jar:/Users/hashmk/.m2/repository/org/springframework/spring-test/6.1.16/spring-test-6.1.16.jar:/Users/hashmk/.m2/repository/org/xmlunit/xmlunit-core/2.9.1/xmlunit-core-2.9.1.jar:/Users/hashmk/.m2/repository/org/mockito/mockito-core/5.11.0/mockito-core-5.11.0.jar:/Users/hashmk/.m2/repository/net/bytebuddy/byte-buddy/1.14.19/byte-buddy-1.14.19.jar:/Users/hashmk/.m2/repository/net/bytebuddy/byte-buddy-agent/1.14.19/byte-buddy-agent-1.14.19.jar:/Users/hashmk/.m2/repository/org/objenesis/objenesis/3.3/objenesis-3.3.jar:/Users/hashmk/.m2/repository/org/mockito/mockito-inline/5.2.0/mockito-inline-5.2.0.jar:/Users/hashmk/.m2/repository/org/mockito/mockito-junit-jupiter/5.11.0/mockito-junit-jupiter-5.11.0.jar:/Users/hashmk/.m2/repository/org/junit/jupiter/junit-jupiter-api/5.10.5/junit-jupiter-api-5.10.5.jar:/Users/hashmk/.m2/repository/org/opentest4j/opentest4j/1.3.0/opentest4j-1.3.0.jar:/Users/hashmk/.m2/repository/org/junit/platform/junit-platform-commons/1.10.5/junit-platform-commons-1.10.5.jar:/Users/hashmk/.m2/repository/org/apiguardian/apiguardian-api/1.1.2/apiguardian-api-1.1.2.jar:"/>
    <property name="java.vm.vendor" value="Homebrew"/>
    <property name="sun.arch.data.model" value="64"/>
    <property name="java.vendor.url" value="https://github.com/Homebrew/homebrew-core/issues"/>
    <property name="user.timezone" value="Europe/Vienna"/>
    <property name="os.name" value="Mac OS X"/>
    <property name="java.vm.specification.version" value="23"/>
    <property name="sun.java.launcher" value="SUN_STANDARD"/>
    <property name="user.country" value="US"/>
    <property name="sun.boot.library.path" value="/opt/homebrew/Cellar/openjdk/23.0.1/libexec/openjdk.jdk/Contents/Home/lib"/>
    <property name="sun.java.command" value="/Users/hashmk/Documents/patient-service/target/surefire/surefirebooter-20250113232305691_3.jar /Users/hashmk/Documents/patient-service/target/surefire 2025-01-13T23-23-05_653-jvmRun1 surefire-20250113232305691_1tmp surefire_0-20250113232305691_2tmp"/>
    <property name="http.nonProxyHosts" value="local|*.local|169.254/16|*.169.254/16"/>
    <property name="jdk.debug" value="release"/>
    <property name="surefire.test.class.path" value="/Users/hashmk/Documents/patient-service/target/test-classes:/Users/hashmk/Documents/patient-service/target/classes:/Users/hashmk/.m2/repository/org/springframework/boot/spring-boot-starter-data-mongodb/3.3.7/spring-boot-starter-data-mongodb-3.3.7.jar:/Users/hashmk/.m2/repository/org/springframework/boot/spring-boot-starter/3.3.7/spring-boot-starter-3.3.7.jar:/Users/hashmk/.m2/repository/org/springframework/boot/spring-boot-starter-logging/3.3.7/spring-boot-starter-logging-3.3.7.jar:/Users/hashmk/.m2/repository/ch/qos/logback/logback-classic/1.5.12/logback-classic-1.5.12.jar:/Users/hashmk/.m2/repository/ch/qos/logback/logback-core/1.5.12/logback-core-1.5.12.jar:/Users/hashmk/.m2/repository/org/apache/logging/log4j/log4j-to-slf4j/2.23.1/log4j-to-slf4j-2.23.1.jar:/Users/hashmk/.m2/repository/org/apache/logging/log4j/log4j-api/2.23.1/log4j-api-2.23.1.jar:/Users/hashmk/.m2/repository/org/slf4j/jul-to-slf4j/2.0.16/jul-to-slf4j-2.0.16.jar:/Users/hashmk/.m2/repository/jakarta/annotation/jakarta.annotation-api/2.1.1/jakarta.annotation-api-2.1.1.jar:/Users/hashmk/.m2/repository/org/yaml/snakeyaml/2.2/snakeyaml-2.2.jar:/Users/hashmk/.m2/repository/org/mongodb/mongodb-driver-sync/5.0.1/mongodb-driver-sync-5.0.1.jar:/Users/hashmk/.m2/repository/org/mongodb/bson/5.0.1/bson-5.0.1.jar:/Users/hashmk/.m2/repository/org/mongodb/mongodb-driver-core/5.0.1/mongodb-driver-core-5.0.1.jar:/Users/hashmk/.m2/repository/org/mongodb/bson-record-codec/5.0.1/bson-record-codec-5.0.1.jar:/Users/hashmk/.m2/repository/org/springframework/data/spring-data-mongodb/4.3.7/spring-data-mongodb-4.3.7.jar:/Users/hashmk/.m2/repository/org/springframework/spring-tx/6.1.16/spring-tx-6.1.16.jar:/Users/hashmk/.m2/repository/org/springframework/spring-context/6.1.16/spring-context-6.1.16.jar:/Users/hashmk/.m2/repository/org/springframework/spring-beans/6.1.16/spring-beans-6.1.16.jar:/Users/hashmk/.m2/repository/org/springframework/spring-expression/6.1.16/spring-expression-6.1.16.jar:/Users/hashmk/.m2/repository/org/springframework/data/spring-data-commons/3.3.7/spring-data-commons-3.3.7.jar:/Users/hashmk/.m2/repository/org/slf4j/slf4j-api/2.0.16/slf4j-api-2.0.16.jar:/Users/hashmk/.m2/repository/org/springframework/boot/spring-boot-starter-web/3.3.7/spring-boot-starter-web-3.3.7.jar:/Users/hashmk/.m2/repository/org/springframework/boot/spring-boot-starter-json/3.3.7/spring-boot-starter-json-3.3.7.jar:/Users/hashmk/.m2/repository/com/fasterxml/jackson/core/jackson-databind/2.17.3/jackson-databind-2.17.3.jar:/Users/hashmk/.m2/repository/com/fasterxml/jackson/core/jackson-annotations/2.17.3/jackson-annotations-2.17.3.jar:/Users/hashmk/.m2/repository/com/fasterxml/jackson/core/jackson-core/2.17.3/jackson-core-2.17.3.jar:/Users/hashmk/.m2/repository/com/fasterxml/jackson/datatype/jackson-datatype-jdk8/2.17.3/jackson-datatype-jdk8-2.17.3.jar:/Users/hashmk/.m2/repository/com/fasterxml/jackson/datatype/jackson-datatype-jsr310/2.17.3/jackson-datatype-jsr310-2.17.3.jar:/Users/hashmk/.m2/repository/com/fasterxml/jackson/module/jackson-module-parameter-names/2.17.3/jackson-module-parameter-names-2.17.3.jar:/Users/hashmk/.m2/repository/org/springframework/boot/spring-boot-starter-tomcat/3.3.7/spring-boot-starter-tomcat-3.3.7.jar:/Users/hashmk/.m2/repository/org/apache/tomcat/embed/tomcat-embed-core/10.1.34/tomcat-embed-core-10.1.34.jar:/Users/hashmk/.m2/repository/org/apache/tomcat/embed/tomcat-embed-el/10.1.34/tomcat-embed-el-10.1.34.jar:/Users/hashmk/.m2/repository/org/apache/tomcat/embed/tomcat-embed-websocket/10.1.34/tomcat-embed-websocket-10.1.34.jar:/Users/hashmk/.m2/repository/org/springframework/spring-web/6.1.16/spring-web-6.1.16.jar:/Users/hashmk/.m2/repository/io/micrometer/micrometer-observation/1.13.9/micrometer-observation-1.13.9.jar:/Users/hashmk/.m2/repository/io/micrometer/micrometer-commons/1.13.9/micrometer-commons-1.13.9.jar:/Users/hashmk/.m2/repository/org/springframework/spring-webmvc/6.1.16/spring-webmvc-6.1.16.jar:/Users/hashmk/.m2/repository/org/springframework/spring-aop/6.1.16/spring-aop-6.1.16.jar:/Users/hashmk/.m2/repository/org/springframework/boot/spring-boot-devtools/3.3.7/spring-boot-devtools-3.3.7.jar:/Users/hashmk/.m2/repository/org/springframework/boot/spring-boot/3.3.7/spring-boot-3.3.7.jar:/Users/hashmk/.m2/repository/org/springframework/boot/spring-boot-autoconfigure/3.3.7/spring-boot-autoconfigure-3.3.7.jar:/Users/hashmk/.m2/repository/org/springframework/boot/spring-boot-starter-thymeleaf/3.3.7/spring-boot-starter-thymeleaf-3.3.7.jar:/Users/hashmk/.m2/repository/org/thymeleaf/thymeleaf-spring6/3.1.3.RELEASE/thymeleaf-spring6-3.1.3.RELEASE.jar:/Users/hashmk/.m2/repository/org/thymeleaf/thymeleaf/3.1.3.RELEASE/thymeleaf-3.1.3.RELEASE.jar:/Users/hashmk/.m2/repository/org/attoparser/attoparser/2.0.7.RELEASE/attoparser-2.0.7.RELEASE.jar:/Users/hashmk/.m2/repository/org/unbescape/unbescape/1.1.6.RELEASE/unbescape-1.1.6.RELEASE.jar:/Users/hashmk/.m2/repository/org/projectlombok/lombok/1.18.36/lombok-1.18.36.jar:/Users/hashmk/.m2/repository/org/springframework/boot/spring-boot-starter-test/3.3.7/spring-boot-starter-test-3.3.7.jar:/Users/hashmk/.m2/repository/org/springframework/boot/spring-boot-test/3.3.7/spring-boot-test-3.3.7.jar:/Users/hashmk/.m2/repository/org/springframework/boot/spring-boot-test-autoconfigure/3.3.7/spring-boot-test-autoconfigure-3.3.7.jar:/Users/hashmk/.m2/repository/com/jayway/jsonpath/json-path/2.9.0/json-path-2.9.0.jar:/Users/hashmk/.m2/repository/jakarta/xml/bind/jakarta.xml.bind-api/4.0.2/jakarta.xml.bind-api-4.0.2.jar:/Users/hashmk/.m2/repository/jakarta/activation/jakarta.activation-api/2.1.3/jakarta.activation-api-2.1.3.jar:/Users/hashmk/.m2/repository/net/minidev/json-smart/2.5.1/json-smart-2.5.1.jar:/Users/hashmk/.m2/repository/net/minidev/accessors-smart/2.5.1/accessors-smart-2.5.1.jar:/Users/hashmk/.m2/repository/org/ow2/asm/asm/9.6/asm-9.6.jar:/Users/hashmk/.m2/repository/org/assertj/assertj-core/3.25.3/assertj-core-3.25.3.jar:/Users/hashmk/.m2/repository/org/awaitility/awaitility/4.2.2/awaitility-4.2.2.jar:/Users/hashmk/.m2/repository/org/hamcrest/hamcrest/2.2/hamcrest-2.2.jar:/Users/hashmk/.m2/repository/org/junit/jupiter/junit-jupiter/5.10.5/junit-jupiter-5.10.5.jar:/Users/hashmk/.m2/repository/org/junit/jupiter/junit-jupiter-params/5.10.5/junit-jupiter-params-5.10.5.jar:/Users/hashmk/.m2/repository/org/junit/jupiter/junit-jupiter-engine/5.10.5/junit-jupiter-engine-5.10.5.jar:/Users/hashmk/.m2/repository/org/junit/platform/junit-platform-engine/1.10.5/junit-platform-engine-1.10.5.jar:/Users/hashmk/.m2/repository/org/skyscreamer/jsonassert/1.5.3/jsonassert-1.5.3.jar:/Users/hashmk/.m2/repository/com/vaadin/external/google/android-json/0.0.20131108.vaadin1/android-json-0.0.20131108.vaadin1.jar:/Users/hashmk/.m2/repository/org/springframework/spring-core/6.1.16/spring-core-6.1.16.jar:/Users/hashmk/.m2/repository/org/springframework/spring-jcl/6.1.16/spring-jcl-6.1.16.jar:/Users/hashmk/.m2/repository/org/springframework/spring-test/6.1.16/spring-test-6.1.16.jar:/Users/hashmk/.m2/repository/org/xmlunit/xmlunit-core/2.9.1/xmlunit-core-2.9.1.jar:/Users/hashmk/.m2/repository/org/mockito/mockito-core/5.11.0/mockito-core-5.11.0.jar:/Users/hashmk/.m2/repository/net/bytebuddy/byte-buddy/1.14.19/byte-buddy-1.14.19.jar:/Users/hashmk/.m2/repository/net/bytebuddy/byte-buddy-agent/1.14.19/byte-buddy-agent-1.14.19.jar:/Users/hashmk/.m2/repository/org/objenesis/objenesis/3.3/objenesis-3.3.jar:/Users/hashmk/.m2/repository/org/mockito/mockito-inline/5.2.0/mockito-inline-5.2.0.jar:/Users/hashmk/.m2/repository/org/mockito/mockito-junit-jupiter/5.11.0/mockito-junit-jupiter-5.11.0.jar:/Users/hashmk/.m2/repository/org/junit/jupiter/junit-jupiter-api/5.10.5/junit-jupiter-api-5.10.5.jar:/Users/hashmk/.m2/repository/org/opentest4j/opentest4j/1.3.0/opentest4j-1.3.0.jar:/Users/hashmk/.m2/repository/org/junit/platform/junit-platform-commons/1.10.5/junit-platform-commons-1.10.5.jar:/Users/hashmk/.m2/repository/org/apiguardian/apiguardian-api/1.1.2/apiguardian-api-1.1.2.jar:"/>
    <property name="sun.cpu.endian" value="little"/>
    <property name="user.home" value="/Users/hashmk"/>
    <property name="user.language" value="en"/>
    <property name="java.specification.vendor" value="Oracle Corporation"/>
    <property name="java.version.date" value="2024-10-15"/>
    <property name="java.home" value="/opt/homebrew/Cellar/openjdk/23.0.1/libexec/openjdk.jdk/Contents/Home"/>
    <property name="file.separator" value="/"/>
    <property name="basedir" value="/Users/hashmk/Documents/patient-service"/>
    <property name="java.vm.compressedOopsMode" value="Zero based"/>
    <property name="line.separator" value="&#10;"/>
    <property name="java.vm.specification.vendor" value="Oracle Corporation"/>
    <property name="java.specification.name" value="Java Platform API Specification"/>
    <property name="FILE_LOG_CHARSET" value="UTF-8"/>
    <property name="java.awt.headless" value="true"/>
    <property name="apple.awt.application.name" value="ForkedBooter"/>
    <property name="surefire.real.class.path" value="/Users/hashmk/Documents/patient-service/target/surefire/surefirebooter-20250113232305691_3.jar"/>
    <property name="sun.management.compiler" value="HotSpot 64-Bit Tiered Compilers"/>
    <property name="ftp.nonProxyHosts" value="local|*.local|169.254/16|*.169.254/16"/>
    <property name="java.runtime.version" value="23.0.1"/>
    <property name="user.name" value="hashmk"/>
    <property name="stdout.encoding" value="UTF-8"/>
    <property name="path.separator" value=":"/>
    <property name="os.version" value="15.2"/>
    <property name="java.runtime.name" value="OpenJDK Runtime Environment"/>
    <property name="file.encoding" value="UTF-8"/>
    <property name="java.vm.name" value="OpenJDK 64-Bit Server VM"/>
    <property name="java.vendor.version" value="Homebrew"/>
    <property name="localRepository" value="/Users/hashmk/.m2/repository"/>
    <property name="java.vendor.url.bug" value="https://github.com/Homebrew/homebrew-core/issues"/>
    <property name="java.io.tmpdir" value="/var/folders/sn/w5hr4vhx43g8dcyfbk50m1jh0000gn/T/"/>
    <property name="java.version" value="23.0.1"/>
    <property name="user.dir" value="/Users/hashmk/Documents/patient-service"/>
    <property name="os.arch" value="aarch64"/>
    <property name="java.vm.specification.name" value="Java Virtual Machine Specification"/>
    <property name="PID" value="35378"/>
    <property name="CONSOLE_LOG_CHARSET" value="UTF-8"/>
    <property name="native.encoding" value="UTF-8"/>
    <property name="java.library.path" value="/Users/hashmk/Library/Java/Extensions:/Library/Java/Extensions:/Network/Library/Java/Extensions:/System/Library/Java/Extensions:/usr/lib/java:."/>
    <property name="java.vm.info" value="mixed mode, sharing"/>
    <property name="stderr.encoding" value="UTF-8"/>
    <property name="java.vendor" value="Homebrew"/>
    <property name="java.vm.version" value="23.0.1"/>
    <property name="sun.io.unicode.encoding" value="UnicodeBig"/>
    <property name="socksNonProxyHosts" value="local|*.local|169.254/16|*.169.254/16"/>
    <property name="java.class.version" value="67.0"/>
    <property name="LOGGED_APPLICATION_NAME" value="[patient-service] "/>
  </properties>
  <testcase name="testGetPatientById" classname="com.patientmicroservice.patientservice.controller.PatientControllerTest" time="0.154">
    <system-out><![CDATA[2025-01-13T23:23:07.711+01:00  INFO 35378 --- [patient-service] [           main] o.s.mock.web.MockServletContext          : Initializing Spring TestDispatcherServlet ''
2025-01-13T23:23:07.711+01:00  INFO 35378 --- [patient-service] [           main] o.s.t.web.servlet.TestDispatcherServlet  : Initializing Servlet ''
2025-01-13T23:23:07.712+01:00  INFO 35378 --- [patient-service] [           main] o.s.t.web.servlet.TestDispatcherServlet  : Completed initialization in 0 ms
]]></system-out>
  </testcase>
  <testcase name="testAddPatient" classname="com.patientmicroservice.patientservice.controller.PatientControllerTest" time="0.012">
    <system-out><![CDATA[2025-01-13T23:23:07.782+01:00  INFO 35378 --- [patient-service] [           main] o.s.mock.web.MockServletContext          : Initializing Spring TestDispatcherServlet ''
2025-01-13T23:23:07.782+01:00  INFO 35378 --- [patient-service] [           main] o.s.t.web.servlet.TestDispatcherServlet  : Initializing Servlet ''
2025-01-13T23:23:07.782+01:00  INFO 35378 --- [patient-service] [           main] o.s.t.web.servlet.TestDispatcherServlet  : Completed initialization in 0 ms
]]></system-out>
  </testcase>
  <testcase name="testShowAddPatientForm" classname="com.patientmicroservice.patientservice.controller.PatientControllerTest" time="0.006">
    <system-out><![CDATA[2025-01-13T23:23:07.794+01:00  INFO 35378 --- [patient-service] [           main] o.s.mock.web.MockServletContext          : Initializing Spring TestDispatcherServlet ''
2025-01-13T23:23:07.794+01:00  INFO 35378 --- [patient-service] [           main] o.s.t.web.servlet.TestDispatcherServlet  : Initializing Servlet ''
2025-01-13T23:23:07.794+01:00  INFO 35378 --- [patient-service] [           main] o.s.t.web.servlet.TestDispatcherServlet  : Completed initialization in 0 ms
]]></system-out>
  </testcase>
</testsuite>